
**** Build of configuration Debug for project Sensors ****

Nothing to build for project Sensors
21:49:11 **** Incremental Build of configuration Debug for project Actuators ****
make all 
Building target: Actuators
Invoking: Cross G++ Linker
g++  -o "Actuators"  ./src/ServoMechanism.o ./src/ServoMotor.o   
/usr/lib/gcc/x86_64-linux-gnu/4.8/../../../x86_64-linux-gnu/crt1.o: In function `_start':
(.text+0x20): undefined reference to `main'
collect2: error: ld returned 1 exit status
make: *** [Actuators] Error 1
21:49:11 **** Incremental Build of configuration Debug for project RobotFramework ****
make all 
Building target: RobotFramework
Invoking: Cross G++ Linker
g++  -o "RobotFramework"  ./Joints.o ./L298MotorShield.o ./Motor.o ./Sensor.o ./ServoMessageParser.o ./StringUtils.o   
/usr/lib/gcc/x86_64-linux-gnu/4.8/../../../x86_64-linux-gnu/crt1.o: In function `_start':
(.text+0x20): undefined reference to `main'
collect2: error: ld returned 1 exit status
make: *** [RobotFramework] Error 1

**** Build of configuration Debug for project Sensors ****

Nothing to build for project Sensors
21:50:05 **** Incremental Build of configuration Debug for project Actuators ****
make all 
Building target: Actuators
Invoking: Cross G++ Linker
g++  -o "Actuators"  ./src/ServoMechanism.o ./src/ServoMotor.o   
/usr/lib/gcc/x86_64-linux-gnu/4.8/../../../x86_64-linux-gnu/crt1.o: In function `_start':
(.text+0x20): undefined reference to `main'
collect2: error: ld returned 1 exit status
make: *** [Actuators] Error 1
21:50:05 **** Build of configuration Debug for project EmbeddedAppTest ****
make all 
Building file: ../src/EmbeddedAppTest.cpp
Invoking: Cross G++ Compiler
g++ -O0 -g3 -Wall -c -fmessage-length=0 -MMD -MP -MF"src/EmbeddedAppTest.d" -MT"src/EmbeddedAppTest.o" -o "src/EmbeddedAppTest.o" "../src/EmbeddedAppTest.cpp"
Finished building: ../src/EmbeddedAppTest.cpp
 
Building target: EmbeddedAppTest
Invoking: Cross G++ Linker
g++  -o "EmbeddedAppTest"  ./src/EmbeddedAppTest.o   
Finished building target: EmbeddedAppTest
 
21:50:06 **** Incremental Build of configuration Debug for project RobotFramework ****
make all 
Building target: RobotFramework
Invoking: Cross G++ Linker
g++  -o "RobotFramework"  ./Joints.o ./L298MotorShield.o ./Motor.o ./Sensor.o ./ServoMessageParser.o ./StringUtils.o   
/usr/lib/gcc/x86_64-linux-gnu/4.8/../../../x86_64-linux-gnu/crt1.o: In function `_start':
(.text+0x20): undefined reference to `main'
collect2: error: ld returned 1 exit status
make: *** [RobotFramework] Error 1

**** Build of configuration Debug for project Sensors ****

Nothing to build for project Sensors
21:50:13 **** Incremental Build of configuration Debug for project EmbeddedAppTest ****
make all 
make: Nothing to be done for `all'.
21:56:13 **** Incremental Build of configuration Debug for project Actuators ****
make all 
Building target: Actuators
Invoking: Cross G++ Linker
g++  -o "Actuators"  ./src/ServoMechanism.o ./src/ServoMotor.o   
/usr/lib/gcc/x86_64-linux-gnu/4.8/../../../x86_64-linux-gnu/crt1.o: In function `_start':
(.text+0x20): undefined reference to `main'
collect2: error: ld returned 1 exit status
make: *** [Actuators] Error 1
21:56:13 **** Incremental Build of configuration Debug for project EmbeddedAppTest ****
make all 
Building file: ../src/EmbeddedAppTest.cpp
Invoking: Cross G++ Compiler
g++ -O0 -g3 -Wall -c -fmessage-length=0 -MMD -MP -MF"src/EmbeddedAppTest.d" -MT"src/EmbeddedAppTest.o" -o "src/EmbeddedAppTest.o" "../src/EmbeddedAppTest.cpp"
Finished building: ../src/EmbeddedAppTest.cpp
 
Building target: EmbeddedAppTest
Invoking: Cross G++ Linker
g++ -L"/home/florin/workspace/EmbeddedFramework/Actuators" -o "EmbeddedAppTest"  ./src/EmbeddedAppTest.o   
Finished building target: EmbeddedAppTest
 
21:56:14 **** Incremental Build of configuration Debug for project RobotFramework ****
make all 
Building target: RobotFramework
Invoking: Cross G++ Linker
g++  -o "RobotFramework"  ./Joints.o ./L298MotorShield.o ./Motor.o ./Sensor.o ./ServoMessageParser.o ./StringUtils.o   
/usr/lib/gcc/x86_64-linux-gnu/4.8/../../../x86_64-linux-gnu/crt1.o: In function `_start':
(.text+0x20): undefined reference to `main'
collect2: error: ld returned 1 exit status
make: *** [RobotFramework] Error 1

**** Build of configuration Debug for project Sensors ****

Nothing to build for project Sensors
21:58:43 **** Build of configuration Debug for project Actuators ****
make all 
Building file: ../src/ServoMechanism.cpp
Invoking: Cross G++ Compiler
g++ -O0 -g3 -Wall -c -fmessage-length=0 -MMD -MP -MF"src/ServoMechanism.d" -MT"src/ServoMechanism.o" -o "src/ServoMechanism.o" "../src/ServoMechanism.cpp"
In file included from ../src/ServoMechanism.cpp:8:0:
../src/ServoMechanism.h:19:25: warning: non-static data member initializers only available with -std=c++11 or -std=gnu++11 [enabled by default]
 unsigned int minAngle = 0;
                         ^
../src/ServoMechanism.h:20:25: warning: non-static data member initializers only available with -std=c++11 or -std=gnu++11 [enabled by default]
 unsigned int maxAngle = 180;
                         ^
Finished building: ../src/ServoMechanism.cpp
 
Building file: ../src/ServoMotor.cpp
Invoking: Cross G++ Compiler
g++ -O0 -g3 -Wall -c -fmessage-length=0 -MMD -MP -MF"src/ServoMotor.d" -MT"src/ServoMotor.o" -o "src/ServoMotor.o" "../src/ServoMotor.cpp"
Finished building: ../src/ServoMotor.cpp
 
Building target: libActuators.a
Invoking: Cross GCC Archiver
ar -r  "libActuators.a"  ./src/ServoMechanism.o ./src/ServoMotor.o   
ar: creating libActuators.a
Finished building target: libActuators.a
 
21:58:43 **** Build of configuration Debug for project Actuators_old ****
make all 
Building target: Actuators_old
Invoking: Cross G++ Linker
g++  -o "Actuators_old"  ./src/ServoMechanism.o ./src/ServoMotor.o   
/usr/lib/gcc/x86_64-linux-gnu/4.8/../../../x86_64-linux-gnu/crt1.o: In function `_start':
(.text+0x20): undefined reference to `main'
collect2: error: ld returned 1 exit status
make: *** [Actuators_old] Error 1
21:58:44 **** Incremental Build of configuration Debug for project RobotFramework ****
make all 
Building target: RobotFramework
Invoking: Cross G++ Linker
g++  -o "RobotFramework"  ./Joints.o ./L298MotorShield.o ./Motor.o ./Sensor.o ./ServoMessageParser.o ./StringUtils.o   
/usr/lib/gcc/x86_64-linux-gnu/4.8/../../../x86_64-linux-gnu/crt1.o: In function `_start':
(.text+0x20): undefined reference to `main'
collect2: error: ld returned 1 exit status
make: *** [RobotFramework] Error 1

**** Build of configuration Debug for project Sensors ****

Nothing to build for project Sensors
21:59:04 **** Incremental Build of configuration Debug for project Actuators ****
make all 
make: Nothing to be done for `all'.
21:59:05 **** Incremental Build of configuration Debug for project RobotFramework ****
make all 
Building target: RobotFramework
Invoking: Cross G++ Linker
g++  -o "RobotFramework"  ./Joints.o ./L298MotorShield.o ./Motor.o ./Sensor.o ./ServoMessageParser.o ./StringUtils.o   
/usr/lib/gcc/x86_64-linux-gnu/4.8/../../../x86_64-linux-gnu/crt1.o: In function `_start':
(.text+0x20): undefined reference to `main'
collect2: error: ld returned 1 exit status
make: *** [RobotFramework] Error 1

**** Build of configuration Debug for project Sensors ****

Nothing to build for project Sensors
21:59:56 **** Incremental Build of configuration Debug for project Actuators ****
make all 
make: Nothing to be done for `all'.
21:59:56 **** Build of configuration Debug for project EmbeddedFrameworkTestApp ****
make all 
Building file: ../src/EmbeddedFrameworkTestApp.cpp
Invoking: Cross G++ Compiler
g++ -O0 -g3 -Wall -c -fmessage-length=0 -MMD -MP -MF"src/EmbeddedFrameworkTestApp.d" -MT"src/EmbeddedFrameworkTestApp.o" -o "src/EmbeddedFrameworkTestApp.o" "../src/EmbeddedFrameworkTestApp.cpp"
Finished building: ../src/EmbeddedFrameworkTestApp.cpp
 
Building target: EmbeddedFrameworkTestApp
Invoking: Cross G++ Linker
g++  -o "EmbeddedFrameworkTestApp"  ./src/EmbeddedFrameworkTestApp.o   
Finished building target: EmbeddedFrameworkTestApp
 
21:59:57 **** Incremental Build of configuration Debug for project RobotFramework ****
make all 
Building target: RobotFramework
Invoking: Cross G++ Linker
g++  -o "RobotFramework"  ./Joints.o ./L298MotorShield.o ./Motor.o ./Sensor.o ./ServoMessageParser.o ./StringUtils.o   
/usr/lib/gcc/x86_64-linux-gnu/4.8/../../../x86_64-linux-gnu/crt1.o: In function `_start':
(.text+0x20): undefined reference to `main'
collect2: error: ld returned 1 exit status
make: *** [RobotFramework] Error 1

**** Build of configuration Debug for project Sensors ****

Nothing to build for project Sensors
